[00:44:33] ====================================================================
[00:44:33] overnight runner start 2026-07-18 00:44:33  smoke=False PYTHONHASHSEED=0
[00:44:34] code at effc80b (dirty tree), python 3.13.3
[00:44:34] queue item N3: Line-as-record structures (portfolio S7): interior positional-field information
[00:44:34] profile: {}  timeout=1800s
  | ============================================================================
  | LINE-AS-RECORD STRUCTURES (S7) — positional field information
  | ============================================================================
  | seed=113 min_line=5 holdout=0.2 (whole folios; controls: 24-line blocks) alpha=0.5
  | gates: P-REC interior >= 0.3, P1 interior <= 0.05, kill margin (VMS - N1) < 0.05
  |   PREC_records     interior +0.7189 bits/token (  2350 tok)   edge +1.6007 (  3744 tok)
  |   P1_latin_plain   interior -0.0033 bits/token (  3866 tok)   edge -0.0063 (  3840 tok)
  |   N1_word_shuffle  interior -0.0083 bits/token (  4578 tok)   edge -0.0060 (  3168 tok)
  |   N3_grille        interior -0.0042 bits/token (  3828 tok)   edge -0.0050 (  3840 tok)
  |   VMS_full         interior +0.0246 bits/token (  4889 tok)   edge +0.3598 (  3244 tok)
  |   VMS_currier_A    interior -0.0138 bits/token (  1070 tok)   edge +0.2869 (  1072 tok)
  |   VMS_currier_B    interior +0.0685 bits/token (  3092 tok)   edge +0.4379 (  2084 tok)
  | 
  |   ADJUDICATION (pre-registered):
  |     gate: P-REC +0.7189 (need >= 0.3) and P1 -0.0033 (need <= 0.05) -> PASS
  |     N1 artifact baseline: -0.0083; VMS margins over N1: VMS_full +0.0329, VMS_currier_A -0.0055, VMS_currier_B +0.0768
  |     KILL: VMS_full margin +0.0329 < 0.05 — interior positional structure is a line-length artifact at this instrument.
  | 
  |   -> results/line_as_record_structures.json
[00:44:36] experiment finished rc=0 in 2s (0.00h)
[00:44:36] adjudication: killed_line_length_artifact; P-REC +0.719, VMS_full margin +0.0329 (need >= 0.05)
[00:44:36] report -> C:\projects\vais\results\overnight_2026-07-18_report.md
[00:44:36] RESEARCH.md: section appended (working tree; committed only to the overnight branch)
[00:44:36] committing results to branch overnight/2026-07-18 ...
[00:44:36] committed 2633751a6b15 on overnight/2026-07-18 (main untouched)
[00:44:36] done, exit 0
[01:50:40] ====================================================================
[01:50:40] overnight runner start 2026-07-18 01:50:40  smoke=False PYTHONHASHSEED=0
[01:50:40] code at 2ab15e6 (dirty tree), python 3.13.3
[01:50:40] queue item N3b: Line-as-record rung 2 (portfolio S7): per-hand adjudication with per-hand null batteries
[01:50:40] profile: {}  timeout=3600s
  | ============================================================================
  | LINE-AS-RECORD, RUNG 2 (S7) — per-hand adjudication
  | ============================================================================
  | seed=114 splits=10 nulls/hand=20 effect_floor=0.05 gates: P-REC>=0.3, P1<=0.05 (all statistics = median over splits)
  |   PREC_records     median interior +0.7471 bits/token (4600 lines)
  |   P1_latin_plain   median interior -0.0039 bits/token (4755 lines)
  |   gate: PASS
  |   Currier A: median +0.0113  null max -0.0132  null median -0.0187  margin +0.0301 -> fail
  |   Currier B: median +0.0513  null max -0.0043  null median -0.0067  margin +0.0580 -> PASS
  | 
  |   ADJUDICATION (pre-registered):
  |     B ONLY: consistent with line-level field structure in Currier B (SUGGESTIVE, quarantined; first registered test of the rung-1 observation). NOT a decode.
  | 
  |   -> results/line_as_record_per_hand.json
[01:52:14] experiment finished rc=0 in 94s (0.03h)
[01:52:14] adjudication: B_only; B margin +0.0580 (floor 0.05), A margin +0.0301
[01:52:14] SUGGESTIVE finding — quarantined, flagged at the top of the report, awaiting human review
[01:52:14] report -> C:\projects\vais\results\overnight_2026-07-18_report.md
[01:52:14] RESEARCH.md: section appended (working tree; committed only to the overnight branch)
[01:52:14] committing results to branch overnight/2026-07-18 ...
