[00:17:09] ====================================================================
[00:17:09] overnight runner start 2026-07-19 00:17:09  smoke=False PYTHONHASHSEED=0
[00:17:09] code at 2b18344 (dirty tree), python 3.13.3
[00:17:09] queue item N3d: Line-as-record rung 4 (portfolio S7): paragraph control + characterization of the Currier-B ordinal signal
[00:17:09] profile: {}  timeout=3600s
  | ============================================================================
  | LINE-AS-RECORD, RUNG 4 (S7) — characterization (N3d)
  | ============================================================================
  | seed=115 (inherited from rung 3) splits=10 para-nulls=200 (beat-all, p=0.0050) min_support=200 top_n=8
  |   B corpus: 2522 lines, 131 paragraph-initial
  |   gate: headline +0.0513 == rung-3 record  VERIFIED
  |   T-PARA: para-initial excluded -> 2391 lines; real +0.0519  null max -0.0017  nulls>=real 0  p=0.0050 -> PASS
  |   D1 per-bin: m1 +0.0816  m2 +0.0381  m3 +0.0299
  |   D2 per-feature: len +0.0018  first +0.0296  last +0.0174  gallows +0.0024
  |   D3 first: q(+0.0352)  c(+0.0281)  o(+0.0200)  d(-0.0151)  y(-0.0101)  t(-0.0095)  s(-0.0075)  a(-0.0067)
  |   D3 last: y(+0.0191)  r(+0.0086)  l(+0.0082)  n(-0.0039)  o(-0.0032)  s(-0.0005)  d(-0.0000)
  | 
  |   ADJUDICATION (pre-registered):
  |     CHARACTERIZED: the signal survives excluding paragraph-initial lines (p < 0.005) — the last registered structural threat is dismissed; the decomposition above is the program's description of the Currier-B ordinal signal. SUGGESTIVE (supporting detail for the quarantined finding); NOT a decode; no value is a translation.
  | 
  |   -> results/line_as_record_characterization.json
[00:20:54] experiment finished rc=0 in 225s (0.06h)
[00:20:54] adjudication: characterized; T-PARA p=0.0050, bins +0.082/+0.038/+0.030, top first-glyph q
[00:20:54] SUGGESTIVE finding — quarantined, flagged at the top of the report, awaiting human review
[00:20:54] report -> C:\projects\vais\results\overnight_2026-07-19_report.md
[00:20:54] RESEARCH.md: section appended (working tree; committed only to the overnight branch)
[00:20:54] committing results to branch overnight/2026-07-19 ...
[00:20:54] committed b4c3726da153 on overnight/2026-07-19 (main untouched)
[00:20:54] done, exit 0
[01:53:52] ====================================================================
[01:53:52] overnight runner start 2026-07-19 01:53:52  smoke=False PYTHONHASHSEED=0
[01:53:52] code at cc79f85 (dirty tree), python 3.13.3
[01:53:52] queue item N3e: Line-as-record rung 5 (portfolio S7): within-section replication (bio / recipes / other_B)
[01:53:52] profile: {}  timeout=3600s
  | ============================================================================
  | LINE-AS-RECORD, RUNG 5 (S7) — within-section replication (N3e)
  | ============================================================================
  | seed=115 (inherited from rung 3) splits=10 nulls=200 criterion=beat-all (p=0.0050) min_lines=500
  |   gate: pooled headline +0.0513 == rung-3 record  VERIFIED
  |   bio       739 lines / 20 folios: real +0.0106  null max -0.0052  nulls>=real 0  p=0.0050 -> PASS
  |   recipes  1039 lines / 23 folios: real +0.0584  null max -0.0036  nulls>=real 0  p=0.0050 -> PASS
  |   other_B   744 lines / 34 folios: real +0.0478  null max -0.0077  nulls>=real 0  p=0.0050 -> PASS
  | 
  |   ADJUDICATION (pre-registered):
  |     SECTION-GENERAL: the ordinal signal replicates within every usable section (['bio', 'other_B', 'recipes']) at p < 0.005 — the section-confound objection is dismissed.
  | 
  |   -> results/line_as_record_section_split.json
[01:57:39] experiment finished rc=0 in 227s (0.06h)
[01:57:39] adjudication: section_general; bio p=0.005 (margin +0.0306), recipes p=0.005 (margin +0.0702), other_B p=0.005 (margin +0.0663)
[01:57:39] SUGGESTIVE finding — quarantined, flagged at the top of the report, awaiting human review
[01:57:39] report -> C:\projects\vais\results\overnight_2026-07-19_report.md
[01:57:39] RESEARCH.md: section appended (working tree; committed only to the overnight branch)
[01:57:39] committing results to branch overnight/2026-07-19 ...
[01:57:39] committed f441011e0a2e on overnight/2026-07-19 (main untouched)
[01:57:39] done, exit 0
[02:40:29] ====================================================================
[02:40:29] overnight runner start 2026-07-19 02:40:29  smoke=False PYTHONHASHSEED=0
[02:40:29] code at 5c32df3 (dirty tree), python 3.13.3
[02:40:29] queue item N4: S5/S6 line-class family test: which calibrated process orders Currier B's lines?
[02:40:29] profile: {}  timeout=3600s
  | ============================================================================
  | LINE-CLASS FAMILY TEST (S5/S6) — which process orders B? (N4)
  | ============================================================================
  | seed=118 splits=10 class_k=12 margin=0.5 gate_sep=2.0
  |   P1_language      r_pos -0.0005  r_bi +0.0013  (rms 0.0005, 4755 lines, 13 classes)
  |   PREC_records     r_pos +0.3388  r_bi +0.3217  (rms 0.0030, 4600 lines, 13 classes)
  |   PNUM_positional  r_pos +0.3168  r_bi +0.4636  (rms 0.0057, 4600 lines, 13 classes)
  |   N4_hoax          r_pos +0.0427  r_bi +0.2180  (rms 0.0050, 2572 lines, 13 classes)
  |   N1_shuffle_ref   r_pos -0.0005  r_bi -0.0010  (rms 0.0005, 3956 lines, 13 classes)
  |   VMS_currier_B    r_pos +0.0354  r_bi +0.0407  (rms 0.0048, 2522 lines, 13 classes)
  |   VMS_currier_A    r_pos +0.0253  r_bi +0.0256  (rms 0.0044, 1310 lines, 13 classes)
  | 
  |   ADJUDICATION (pre-registered):
  |     gate: min centroid separation 0.1436 vs 2.0 x max spread 0.0114 -> PASS
  |     B distances: family_language 0.0533, family_hoax 0.1775, family_records 0.4135, family_positional 0.5080
  |     ASSIGNED FAMILY_LANGUAGE (d 0.0533 < 0.5 x 0.1775 to family_hoax): B's line-class ordering profile is nearest this calibrated family — a family-level reading only; nothing is decoded.
  |     A (observational): nearest family_language d 0.0354, second family_hoax d 0.1932
  | 
  |   -> results/line_class_family_test.json
[02:40:33] experiment finished rc=0 in 4s (0.00h)
[02:40:33] adjudication: family_language; B (r_pos +0.0354, r_bi +0.0407), nearest family_language d=0.0533, second family_hoax d=0.1775
[02:40:33] SUGGESTIVE finding — quarantined, flagged at the top of the report, awaiting human review
[02:40:33] report -> C:\projects\vais\results\overnight_2026-07-19_report.md
[02:40:33] RESEARCH.md: section appended (working tree; committed only to the overnight branch)
[02:40:33] committing results to branch overnight/2026-07-19 ...
