[01:46:02] ====================================================================
[01:46:02] overnight runner start 2026-07-20 01:46:02  smoke=False PYTHONHASHSEED=0
[01:46:02] code at 3a1c700 (dirty tree), python 3.13.3
[01:46:02] queue item N7: Part-D hapax re-adjudication: does language_vs_cipher's hapax clustering survive a paragraph-only corpus?
[01:46:02] profile: {}  timeout=1800s
  | ============================================================================
  | HAPAX LOCUS RE-ADJUDICATION (N7) — Part D, same rules, clean corpus
  | ============================================================================
  | original thresholds: chi2 > 15.0 = CONCENTRATED; B > 0.1 = CLUSTERED, < 0.05 = UNIFORM
  |   all        4508 lines  35747 tok  1918 hapax | chi2  216.1 (CONCENTRATED) | B +0.591 (CLUSTERED)
  |   P_only     4281 lines  33309 tok  1752 hapax | chi2  131.4 (CONCENTRATED) | B +0.581 (CLUSTERED)
  |   nonP_only   227 lines   2438 tok   444 hapax | chi2   43.0 (CONCENTRATED) | B +0.324 (CLUSTERED)
  | 
  |   gate: all-loci reproduces golden Part D (chi2 216.1, B 0.591) -> PASS
  | 
  |   ADJUDICATION (pre-registered):
  |     VERDICT SURVIVES: on paragraph-only text, Part D still passes every language-favoring classification it passed on the contaminated corpus (chi2 216.1 -> 131.4, B +0.591 -> +0.581). The contamination asterisk is removed; the hapax-clustering evidence is a property of the running text.
  | 
  |   -> results/hapax_locus_readjudication.json
[01:46:03] experiment finished rc=0 in 1s (0.00h)
[01:46:03] adjudication: verdict_survives; chi2 216.1 -> 131.4 (threshold 15.0), B +0.591 -> +0.581
[01:46:03] report -> C:\projects\vais\results\overnight_2026-07-20_report.md
[01:46:03] RESEARCH.md: section appended (working tree; committed only to the overnight branch)
[01:46:03] committing results to branch overnight/2026-07-20 ...
[01:46:03] committed ad242691014c on overnight/2026-07-20 (main untouched)
[01:46:03] done, exit 0
[12:22:19] ====================================================================
[12:22:19] overnight runner start 2026-07-20 12:22:19  smoke=False PYTHONHASHSEED=0
[12:22:19] code at 3852e7d (clean tree), python 3.13.3
[12:22:19] queue item N6f: S3 rung 3b: axis-3 characterization in hand A — absent, inverted, or shared?
[12:22:19] profile: {}  timeout=1800s
  | ============================================================================
  | AXIS-3 IN HAND A (S3 rung 3b) — absent, inverted, or shared? (N6f)
  | ============================================================================
  | seed=122 nulls=200 (beat-all, p<0.005) prefinal bins=('m3', 'pL-1')
  |   corpora: B 2522 lines (reference), A 1310 lines (characterized); 13 classes
  |   gate a: B self-projection betas [1.0, 1.0, 1.0] (each ~1.0) -> PASS
  |   beta_1(A) = +0.753  null max |beta| 0.106  -> significant
  |   beta_2(A) = +0.756  null max |beta| 0.191  -> significant
  |   beta_3(A) = +0.324  null max |beta| 0.785  -> not significant
  |   gate b (continuity: axes 1-2 positive + significant) -> PASS
  |   bin-level pre-final skew, A vs B (Spearman, 12 classes): +0.559
  | 
  |   ADJUDICATION (pre-registered):
  |     AXIS 3 ABSENT IN A: |beta_3| = 0.324 does not beat the null battery — hand A has no measurable pre-final-zone rule; B's axis 3 is an innovation of B. (This also resolves N6e's -0.46 as noise/component mixing, not inversion.)
  | 
  |   -> results/line_discipline_axis3_handA.json
[12:22:26] experiment finished rc=0 in 6s (0.00h)
[12:22:26] adjudication: axis3_absent_in_A; beta_3(A) +0.324 vs null max 0.785; bins rho +0.559; continuity beta_1/2 +0.75/+0.76
[12:22:26] report -> C:\projects\vais\results\overnight_2026-07-20_report.md
[12:22:26] RESEARCH.md: section appended (working tree; committed only to the overnight branch)
[12:22:26] committing results to branch overnight/2026-07-20 ...
[12:22:26] committed d82409a41fec on overnight/2026-07-20 (main untouched)
[12:22:26] done, exit 0
[15:46:29] ====================================================================
[15:46:29] overnight runner start 2026-07-20 15:46:29  smoke=False PYTHONHASHSEED=0
[15:46:29] code at 680312a (clean tree), python 3.13.3
[15:46:29] queue item N8: S2 rung 0: raw-scan glyph feasibility probe (numpy+Pillow, no CV stack)
[15:46:29] profile: {}  timeout=3600s
  | ============================================================================
  | RAW-SCAN GLYPH FEASIBILITY (S2 rung 0) — imaging probe (N8)
  | ============================================================================
  | seed=123 folios=30 crop=0.8 downscale=2 area=[8,800] k_sweep=[10, 15, 20, 25, 30, 35, 40]
  |   f100r          ink 0.228  components   533  ZL chars    600
  |   f100v_101r     ink 0.251  components   622  ZL chars   1498
  |   f105r          ink 0.146  components  1516  ZL chars   1948  [text-only]
  |   f107r          ink 0.161  components  1647  ZL chars   2482  [text-only]
  |   f10r           ink 0.210  components   534  ZL chars    432
  |   f112v          ink 0.149  components  1594  ZL chars   2213  [text-only]
  |   f115r          ink 0.144  components  1602  ZL chars   2430  [text-only]
  |   f13v           ink 0.150  components   415  ZL chars    286
  |   f16v           ink 0.174  components   398  ZL chars    347
  |   f17r           ink 0.121  components   401  ZL chars    375
  |   f26v           ink 0.199  components   642  ZL chars    453
  |   f29v           ink 0.150  components   483  ZL chars    415
  |   f34v           ink 0.206  components   754  ZL chars    583
  |   f37r           ink 0.175  components   533  ZL chars    369
  |   f37v           ink 0.238  components   478  ZL chars    440
  |   f38r           ink 0.193  components   288  ZL chars    197
  |   f41v           ink 0.258  components   410  ZL chars    354
  |   f42r           ink 0.162  components   749  ZL chars    651
  |   f45v           ink 0.159  components   508  ZL chars    357
  |   f49r           ink 0.178  components   323  ZL chars    534
  |   f66r           ink 0.121  components  1302  ZL chars   1675
  |   f69r           ink 0.077  components   563  ZL chars    707
  |   f73v           ink 0.215  components  1018  ZL chars    506
  |   f87r           ink 0.219  components   533  ZL chars    538
  |   f93r           ink 0.369  components   634  ZL chars    741
  |   f93v           ink 0.187  components   437  ZL chars    459
  |   f96v           ink 0.225  components   395  ZL chars    298
  |   f99v           ink 0.253  components   967  ZL chars    895
  |   f9r            ink 0.273  components   447  ZL chars    387
  |   f9v            ink 0.199  components   488  ZL chars    388
  | 
  |   G1 binarization: median ink 0.190 (band [0.01,0.3]), CV 0.29 (< 0.6) -> PASS
  |   G2 segmentation: Spearman(components, ZL chars) all +0.842 (strong >= 0.8); text-only folios (n=4): n<5
  |   G3 half 1: n=3469, silhouette-best k* = 10 (s=0.217)
  |   G3 half 2: n=2531, silhouette-best k* = 15 (s=0.226)
  |   G3a k* stability: 10 vs 15 -> FAIL (±30% rule)
  |   G3b centroid match ratio at k=25: 0.395 (< 0.5) -> PASS
  | 
  |   ADJUDICATION (pre-registered):
  |     PARTIALLY FEASIBLE: proceed restricted (text-only pages and/or better tooling). Blockers: k* unstable across halves.
  | 
  |   -> results/scan_glyph_feasibility.json
[15:47:06] experiment finished rc=0 in 37s (0.01h)
[15:47:06] adjudication: partially_feasible; G2 rho +0.842, k* [10, 15], centroid ratio 0.395
[15:47:06] report -> C:\projects\vais\results\overnight_2026-07-20_report.md
[15:47:06] RESEARCH.md: section appended (working tree; committed only to the overnight branch)
[15:47:06] committing results to branch overnight/2026-07-20 ...
