[00:37:21] ====================================================================
[00:37:21] overnight runner start 2026-07-21 00:37:21  smoke=False PYTHONHASHSEED=0
[00:37:21] code at 5ff0521 (dirty tree), python 3.13.3
[00:37:21] queue item N6g: S3 rung 4: principled derivation — do the two shared axes reduce to class properties?
[00:37:21] profile: {}  timeout=1800s
  | ============================================================================
  | LINE-DISCIPLINE PRINCIPLED DERIVATION (S3 rung 4) — reduce the shared axes? (N6g)
  | ============================================================================
  | seed=126 perms=200 r2_excess>=0.25; principles = log-freq + gallows + word-length (position-free)
  |   B features + bar reproduce N6 (bar_line 7.489)  VERIFIED
  |   rank-3 decomposition reproduces the N6d axes  VERIFIED
  |   axis1: R^2 0.527  null 0.238  excess +0.289   beta freq+0.47 gallows+0.21 wlen-0.29
  |   axis2: R^2 0.498  null 0.252  excess +0.246   beta freq-0.12 gallows-0.22 wlen-0.21
  |   axis3: R^2 0.415  null 0.259  excess +0.156   beta freq+0.09 gallows+0.44 wlen+0.00
  |   derived-axes table (Ahat_1, Ahat_2 + measured axis3), lambda 2.5: D_line 9.039 (bar 7.489; measured rank-3 was 6.882)
  | 
  |   ADJUDICATION (pre-registered):
  |     axis1 excess +0.289 (>= 0.25: True); axis2 excess +0.246 (False); derived table closes: False
  |     (axis3 excess +0.156 — reported, expected low: B-specific)
  |     NOT DERIVED: the shared axes are not captured by log-frequency + gallows + word-length at the closure bar — the discipline is not (yet) reducible to these principles. Corpse logged with per-axis R^2 for the next candidate set.
  | 
  |   -> results/line_discipline_derivation.json
[00:38:01] experiment finished rc=0 in 40s (0.01h)
[00:38:01] adjudication: not_derived; axis1 excess +0.289, axis2 +0.246 (thr 0.25), derived D_line 9.039 vs bar 7.489
[00:38:01] report -> C:\projects\vais\results\overnight_2026-07-21_report.md
[00:38:01] RESEARCH.md: section appended (working tree; committed only to the overnight branch)
[00:38:01] committing results to branch overnight/2026-07-21 ...
[00:38:01] committed c31bafad7e44 on overnight/2026-07-21 (main untouched)
[00:38:01] done, exit 0
[00:59:44] ====================================================================
[00:59:44] overnight runner start 2026-07-21 00:59:44  smoke=False PYTHONHASHSEED=0
[00:59:45] code at 470e655 (clean tree), python 3.13.3
[00:59:45] queue item N6h: S3 rung 5: morphology derivation — does within-word position reduce the interior gradient?
[00:59:45] profile: {}  timeout=1800s
  | ============================================================================
  | LINE-DISCIPLINE MORPHOLOGY DERIVATION (S3 rung 5) — reduce the interior gradient? (N6h)
  | ============================================================================
  | seed=127 perms=200 target R^2>=0.7, gain>=0.1; principles = freq+gallows+wlen (+ wwpos, finality = within-word morphology)
  |   B features + bar reproduce N6 (bar_line 7.489)  VERIFIED
  |   rank-3 decomposition reproduces the N6d axes  VERIFIED
  |   within-word position by class (0=initial, 1=final): q 0.00  sh 0.13  ch 0.20  p 0.20  o 0.25  t 0.28  k 0.34  a 0.45  s 0.48  # 0.50  d 0.58  l 0.62  y 0.90
  |   axis1: R^2 0.581 (3-principle 0.527, gain +0.053)  wwpos-beta +0.00  finality-beta -0.18
  |   axis2: R^2 0.629 (3-principle 0.498, gain +0.131)  wwpos-beta +0.31  finality-beta -0.25
  |   axis3: R^2 0.623 (3-principle 0.415, gain +0.207)  wwpos-beta +0.06  finality-beta -0.16
  |   gate: 3-principle interior R^2 0.4981 ~ N6g 0.4981 -> PASS
  |   enriched derived table, lambda 2.25: D_line 9.628 (bar 7.489; measured rank-3 was 6.882; N6g 3-principle was 9.039)
  | 
  |   ADJUDICATION (pre-registered):
  |     interior R^2 0.6294 (target 0.7), gain over 3-principle +0.131 (min 0.1); wwpos-beta +0.308; derived table closes: False
  |     MODEST IMPROVEMENT: within-word position helps (gain +0.131) but the interior gradient is not dominated by it; residual remains.
  | 
  |   -> results/line_discipline_morphology.json
[01:00:26] experiment finished rc=0 in 41s (0.01h)
[01:00:26] adjudication: modest_improvement; interior R^2 0.6294 (gain +0.131, wwpos β +0.31), target 0.7
[01:00:26] report -> C:\projects\vais\results\overnight_2026-07-21_report.md
[01:00:26] RESEARCH.md: section appended (working tree; committed only to the overnight branch)
[01:00:26] committing results to branch overnight/2026-07-21 ...
[01:00:26] committed 8ae372ad20b7 on overnight/2026-07-21 (main untouched)
[01:00:26] done, exit 0
[01:25:15] ====================================================================
[01:25:15] overnight runner start 2026-07-21 01:25:15  smoke=False PYTHONHASHSEED=0
[01:25:15] code at b0ea792 (dirty tree), python 3.13.3
[01:25:15] queue item N11: Labelese subsystem test: are the marginal labels a distinct, section-specific naming register?
[01:25:15] profile: {}  timeout=1800s
  | ============================================================================
  | LABELESE SUBSYSTEM TEST (N11) — distinct register? naming system?
  | ============================================================================
  | seed=128 nulls=30 match=12 naming_margin=0.03
  |   labels: 628 tokens, 450 types; running: 35280 tokens
  |   labels per section: bio:123  herbalA:87  pharma:279  text:2  zodiac:137
  |   [low-power sections (<20 labels): ['text']]
  | 
  |   (D) first-glyph JSD labels-vs-running 0.1507  subsample-null max 0.0161  -> DISTINCT
  |   (S) U*(labels) +0.0797 (beats own null: True)   U*(running matched, n=628) +0.0366   naming margin +0.0432
  |   controls: U*(P-NAME) +0.1587 vs U*(P-GEN) +0.0139 (gate: P-NAME >= 3.0x max(P-GEN, 0.005)) -> PASS
  | 
  |   ADJUDICATION (pre-registered):
  |     LABELESE NAMING SYSTEM: labels are a distinct register AND section-bound beyond dialect (margin +0.0432 >= 0.03, U* beats its null) — label vocabulary is more section-specific than matched running text. The most crib-like outcome; SUGGESTIVE, quarantined, and still F7-bound (no label is read).
  | 
  |   -> results/labelese_subsystem.json
[01:25:16] experiment finished rc=0 in 1s (0.00h)
[01:25:16] adjudication: labelese_naming_system; JSD 0.1507 (null 0.0161), naming margin +0.0432 (thr 0.03)
[01:25:16] SUGGESTIVE finding — quarantined, flagged at the top of the report, awaiting human review
[01:25:16] report -> C:\projects\vais\results\overnight_2026-07-21_report.md
[01:25:16] RESEARCH.md: section appended (working tree; committed only to the overnight branch)
[01:25:16] committing results to branch overnight/2026-07-21 ...
[01:25:17] committed ff25661e844f on overnight/2026-07-21 (main untouched)
[01:25:17] done, exit 0
[01:38:33] ====================================================================
[01:38:33] overnight runner start 2026-07-21 01:38:33  smoke=False PYTHONHASHSEED=0
[01:38:33] code at 0cc1695 (dirty tree), python 3.13.3
[01:38:33] queue item N11b: Labelese naming, refined: word-shaped labels + section-marginal-matched baseline
[01:38:33] profile: {}  timeout=1800s
  | ============================================================================
  | LABELESE NAMING, REFINED (N11b) — word-shaped + marginal-matched
  | ============================================================================
  | seed=129 min_glyphs=3 nulls=30 match=12 naming_margin=0.03
  |   word-shaped labels: 535 tokens (424 types); fragment labels: 93; running: 35280
  |   word-shaped labels per section: bio:105  herbalA:34  pharma:273  text:2  zodiac:121
  |   controls: P-NAME +0.1578 vs P-GEN +0.0169 -> PASS
  |   word-shaped labels U* +0.0496 (beats null: True)  marginal-matched running U* +0.0797  margin -0.0300
  |   [fragment labels U* +0.1152 (beats null: True) — observational]
  | 
  |   ADJUDICATION (pre-registered):
  |     NAMING WAS CONCENTRATION: margin -0.0300 <= 0 with section marginals matched — N11's naming signal was the pharma-label concentration, not word-identity specificity. The naming reading is withdrawn. Corpse logged.
  | 
  |   -> results/labelese_naming_refined.json
[01:38:34] experiment finished rc=0 in 1s (0.00h)
[01:38:34] adjudication: naming_was_concentration; word-label U* +0.0496 vs marginal-matched running +0.0797, margin -0.0300
[01:38:34] report -> C:\projects\vais\results\overnight_2026-07-21_report.md
[01:38:34] RESEARCH.md: section appended (working tree; committed only to the overnight branch)
[01:38:34] committing results to branch overnight/2026-07-21 ...
[01:38:34] committed 5f52615bf6a9 on overnight/2026-07-21 (main untouched)
[01:38:34] done, exit 0
[11:13:35] ====================================================================
[11:13:35] overnight runner start 2026-07-21 11:13:35  smoke=False PYTHONHASHSEED=0
[11:13:35] code at a859b0b (clean tree), python 3.13.3
[11:13:35] queue item N6i: S3 rung 6: phonotactic attack on the interior-gradient residual (DOF-honest)
[11:13:35] profile: {}  timeout=1800s
  | ============================================================================
  | LINE-DISCIPLINE PHONOTACTIC RESIDUAL (S3 rung 6) — reduce the residual? (N6i)
  | ============================================================================
  | seed=130 perms=2000 phon_target>=0.5 excess_min>=0.15; DOF-honest residual test
  |   rank-3 axis 2 reproduces the N6d record  VERIFIED
  |   N6h 5-principle interior R^2 0.629; residual variance 0.7187
  |   succ_entropy  Spearman with residual +0.379
  |   pred_entropy  Spearman with residual -0.049
  |   e_follow      Spearman with residual -0.176
  |   bench         Spearman with residual -0.258
  |   phonotactic R^2 on residual 0.760  overfitting-null mean 0.327 (max 0.900)  excess +0.432  empirical p 0.0205
  | 
  |   ADJUDICATION (pre-registered):
  |     RESIDUAL PHONOTACTIC: the interior-gradient residual is glyph-phonotactic structure above the overfitting null. SUGGESTIVE, quarantined.
  | 
  |   -> results/line_discipline_phonotactic.json
[11:13:36] experiment finished rc=0 in 1s (0.00h)
[11:13:36] adjudication: residual_phonotactic; phon R² 0.7599 vs null 0.3274 (excess +0.432, empirical p 0.0205)
[11:13:36] SUGGESTIVE finding — quarantined, flagged at the top of the report, awaiting human review
[11:13:36] report -> C:\projects\vais\results\overnight_2026-07-21_report.md
[11:13:36] RESEARCH.md: section appended (working tree; committed only to the overnight branch)
[11:13:36] committing results to branch overnight/2026-07-21 ...
[11:13:36] committed f43cbda66439 on overnight/2026-07-21 (main untouched)
[11:13:36] done, exit 0
[11:56:31] ====================================================================
[11:56:31] overnight runner start 2026-07-21 11:56:31  smoke=False PYTHONHASHSEED=0
[11:56:31] code at 1ebbed8 (clean tree), python 3.13.3
[11:56:31] queue item N6j: S3 rung 6b: glyph-pair phonotactic re-test (class-controlled) — firm or dissolve N6i?
[11:56:31] profile: {}  timeout=1800s
  | ============================================================================
  | PHONOTACTIC INTERIOR GRADIENT, CLASS-CONTROLLED (S3 rung 6b) (N6j)
  | ============================================================================
  | seed=131 perms=2000 firm two-sided p<0.005; glyph-pair constraint, onset class controlled
  |   2522 B lines; 14096 interior tokens with a glyph pair; 22 onset classes
  |   RAW onset-se vs position +0.0574 (collinear with class — not the test)
  |   class-controlled glyph-pair-se2 vs position (PARTIAL) +0.0031  <- the test
  |   within-line null (two-sided): p 0.7046  (null max |r| 0.0331)
  | 
  |   ADJUDICATION (pre-registered):
  |     PHONOTACTIC IS CLASS CONFOUND: with onset class controlled, glyph-pair constraint does NOT predict position (partial r +0.0031, p 0.7046 >= 0.05). N6i's "phonotactic residual" was the onset-class effect re-expressed (raw onset-se +0.0574 just mirrors the class-position effect), not a phonotactic law. N6i downgraded — the interior gradient's residual is NOT demonstrably phonotactic once class is controlled. Corpse logged.
  | 
  |   -> results/line_discipline_phonotactic_token.json
[11:59:25] experiment finished rc=0 in 174s (0.05h)
[11:59:25] adjudication: phonotactic_is_class_confound; class-controlled partial r +0.0031 (p 0.7046); raw onset-se +0.0574
[11:59:25] report -> C:\projects\vais\results\overnight_2026-07-21_report.md
[11:59:25] RESEARCH.md: section appended (working tree; committed only to the overnight branch)
[11:59:25] committing results to branch overnight/2026-07-21 ...
[11:59:25] committed 2282f75f1459 on overnight/2026-07-21 (main untouched)
[11:59:25] done, exit 0
[12:54:26] ====================================================================
[12:54:26] overnight runner start 2026-07-21 12:54:26  smoke=False PYTHONHASHSEED=0
[12:54:27] code at 2053b5c (clean tree), python 3.13.3
[12:54:27] queue item N6k: S3 rung 7: word-level predictors of the interior-gradient residual (function/content, length)
[12:54:27] profile: {}  timeout=1800s
  | ============================================================================
  | INTERIOR GRADIENT — WORD-LEVEL PREDICTORS (S3 rung 7) (N6k)
  | ============================================================================
  | seed=132 perms=2000 firm two-sided p<0.005; class-controlled partial correlations at token resolution
  |   2522 B lines; 14484 interior tokens; 22 onset classes
  |   per-class mean interior position (early -> late): sh 0.369  q 0.381  k 0.404  ch 0.409  y 0.411  l 0.413  f 0.422  o 0.432  e 0.433  cth 0.435  d 0.437  s 0.439  t 0.446  a 0.46  r 0.472  p 0.507
  |   class-controlled partial r: word-frequency +0.0188   word-length -0.0370
[12:56:55] ====================================================================
[12:56:55] overnight runner start 2026-07-21 12:56:55  smoke=False PYTHONHASHSEED=0
[12:56:55] code at 2053b5c (clean tree), python 3.13.3
[12:56:55] queue item N6k: S3 rung 7: word-level predictors of the interior-gradient residual (function/content, length)
[12:56:55] profile: {}  timeout=1800s
  | ============================================================================
  | INTERIOR GRADIENT — WORD-LEVEL PREDICTORS (S3 rung 7) (N6k)
  | ============================================================================
  | seed=132 perms=2000 firm two-sided p<0.005; class-controlled partial correlations at token resolution
  |   2522 B lines; 14484 interior tokens; 22 onset classes
  |   per-class mean interior position (early -> late): sh 0.369  q 0.381  k 0.404  ch 0.409  y 0.411  l 0.413  f 0.422  o 0.432  e 0.433  cth 0.435  d 0.437  s 0.439  t 0.446  a 0.46  r 0.472  p 0.507
  |   class-controlled partial r: word-frequency +0.0188   word-length -0.0370
  |   within-line null (two-sided): p(frequency) 0.0265  p(length) 0.0015
  | 
  |   ADJUDICATION (pre-registered):
  |     RESIDUAL LENGTH ONLY: frequency not significant (p 0.0265) but within-class word length is (r -0.0370, p 0.0015) — fine length is the sub-class predictor. SUGGESTIVE, quarantined.
  | 
  |   -> results/line_discipline_wordlevel.json
[12:57:00] experiment finished rc=0 in 154s (0.04h)
[12:57:00] adjudication: residual_length_only; r_freq +0.0188 (p 0.0265), r_len -0.0370 (p 0.0015) — magnitudes negligible
[12:57:00] report -> C:\projects\vais\results\overnight_2026-07-21_report.md
[12:57:00] RESEARCH.md: section appended (working tree; committed only to the overnight branch)
[12:57:00] committing results to branch overnight/2026-07-21 ...
[12:57:01] committed d595d4fd45b9 on overnight/2026-07-21 (main untouched)
[12:57:01] done, exit 0
  |   within-line null (two-sided): p(frequency) 0.0265  p(length) 0.0015
  | 
  |   ADJUDICATION (pre-registered):
  |     RESIDUAL LENGTH ONLY: frequency not significant (p 0.0265) but within-class word length is (r -0.0370, p 0.0015) — fine length is the sub-class predictor. SUGGESTIVE, quarantined.
  | 
  |   -> results/line_discipline_wordlevel.json
[12:59:10] experiment finished rc=0 in 134s (0.04h)
[12:59:10] adjudication: residual_length_only; r_freq +0.0188 (p 0.0265), r_len -0.0370 (p 0.0015) — magnitudes negligible
[12:59:10] report -> C:\projects\vais\results\overnight_2026-07-21_report.md
[12:59:10] RESEARCH.md: section appended (working tree; committed only to the overnight branch)
[12:59:10] committing results to branch overnight/2026-07-21 ...
